{"$message_type":"diagnostic","message":"cannot find struct, variant or union type `AcquisitionProfile` in this scope","code":{"code":"E0422","explanation":"An identifier that is neither defined nor a struct was used.\n\nErroneous code example:\n\n```compile_fail,E0422\nfn main () {\n    let x = Foo { x: 1, y: 2 };\n}\n```\n\nIn this case, `Foo` is undefined, so it inherently isn't anything, and\ndefinitely not a struct.\n\n```compile_fail\nfn main () {\n    let foo = 1;\n    let x = foo { x: 1, y: 2 };\n}\n```\n\nIn this case, `foo` is defined, but is not a struct, so Rust can't use it as\none.\n"},"level":"error","spans":[{"file_name":"src\\content\\repository.rs","byte_start":884,"byte_end":919,"line_start":38,"line_end":38,"column_start":1,"column_end":36,"is_primary":false,"text":[{"text":"pub struct OriginAcquisitionProfile {","highlight_start":1,"highlight_end":36}],"label":"similarly named struct `OriginAcquisitionProfile` defined here","suggested_replacement":null,"suggestion_applicability":null,"expansion":null},{"file_name":"src\\simulation\\origin.rs","byte_start":21215,"byte_end":21233,"line_start":668,"line_end":668,"column_start":13,"column_end":31,"is_primary":true,"text":[{"text":"            AcquisitionProfile {","highlight_start":13,"highlight_end":31}],"label":null,"suggested_replacement":null,"suggestion_applicability":null,"expansion":null}],"children":[{"message":"a struct with a similar name exists","code":null,"level":"help","spans":[{"file_name":"src\\simulation\\origin.rs","byte_start":21215,"byte_end":21233,"line_start":668,"line_end":668,"column_start":13,"column_end":31,"is_primary":true,"text":[{"text":"            AcquisitionProfile {","highlight_start":13,"highlight_end":31}],"label":null,"suggested_replacement":"OriginAcquisitionProfile","suggestion_applicability":"MaybeIncorrect","expansion":null}],"children":[],"rendered":null}],"rendered":"\u001b[1m\u001b[91merror[E0422]\u001b[0m\u001b[1m\u001b[97m: cannot find struct, variant or union type `AcquisitionProfile` in this scope\u001b[0m\n   \u001b[1m\u001b[96m--> \u001b[0msrc\\simulation\\origin.rs:668:13\n    \u001b[1m\u001b[96m|\u001b[0m\n\u001b[1m\u001b[96m668\u001b[0m \u001b[1m\u001b[96m|\u001b[0m             AcquisitionProfile {\n    \u001b[1m\u001b[96m|\u001b[0m             \u001b[1m\u001b[91m^^^^^^^^^^^^^^^^^^\u001b[0m \u001b[1m\u001b[91mhelp: a struct with a similar name exists: `OriginAcquisitionProfile`\u001b[0m\n    \u001b[1m\u001b[96m|\u001b[0m\n   \u001b[1m\u001b[96m::: \u001b[0msrc\\content\\repository.rs:38:1\n    \u001b[1m\u001b[96m|\u001b[0m\n \u001b[1m\u001b[96m38\u001b[0m \u001b[1m\u001b[96m|\u001b[0m pub struct OriginAcquisitionProfile {\n    \u001b[1m\u001b[96m|\u001b[0m \u001b[1m\u001b[96m-----------------------------------\u001b[0m \u001b[1m\u001b[96msimilarly named struct `OriginAcquisitionProfile` defined here\u001b[0m\n\n"}
{"$message_type":"diagnostic","message":"cannot find struct, variant or union type `AcquisitionProfile` in this scope","code":{"code":"E0422","explanation":"An identifier that is neither defined nor a struct was used.\n\nErroneous code example:\n\n```compile_fail,E0422\nfn main () {\n    let x = Foo { x: 1, y: 2 };\n}\n```\n\nIn this case, `Foo` is undefined, so it inherently isn't anything, and\ndefinitely not a struct.\n\n```compile_fail\nfn main () {\n    let foo = 1;\n    let x = foo { x: 1, y: 2 };\n}\n```\n\nIn this case, `foo` is defined, but is not a struct, so Rust can't use it as\none.\n"},"level":"error","spans":[{"file_name":"src\\content\\repository.rs","byte_start":884,"byte_end":919,"line_start":38,"line_end":38,"column_start":1,"column_end":36,"is_primary":false,"text":[{"text":"pub struct OriginAcquisitionProfile {","highlight_start":1,"highlight_end":36}],"label":"similarly named struct `OriginAcquisitionProfile` defined here","suggested_replacement":null,"suggestion_applicability":null,"expansion":null},{"file_name":"src\\simulation\\origin.rs","byte_start":21373,"byte_end":21391,"line_start":673,"line_end":673,"column_start":13,"column_end":31,"is_primary":true,"text":[{"text":"            AcquisitionProfile {","highlight_start":13,"highlight_end":31}],"label":null,"suggested_replacement":null,"suggestion_applicability":null,"expansion":null}],"children":[{"message":"a struct with a similar name exists","code":null,"level":"help","spans":[{"file_name":"src\\simulation\\origin.rs","byte_start":21373,"byte_end":21391,"line_start":673,"line_end":673,"column_start":13,"column_end":31,"is_primary":true,"text":[{"text":"            AcquisitionProfile {","highlight_start":13,"highlight_end":31}],"label":null,"suggested_replacement":"OriginAcquisitionProfile","suggestion_applicability":"MaybeIncorrect","expansion":null}],"children":[],"rendered":null}],"rendered":"\u001b[1m\u001b[91merror[E0422]\u001b[0m\u001b[1m\u001b[97m: cannot find struct, variant or union type `AcquisitionProfile` in this scope\u001b[0m\n   \u001b[1m\u001b[96m--> \u001b[0msrc\\simulation\\origin.rs:673:13\n    \u001b[1m\u001b[96m|\u001b[0m\n\u001b[1m\u001b[96m673\u001b[0m \u001b[1m\u001b[96m|\u001b[0m             AcquisitionProfile {\n    \u001b[1m\u001b[96m|\u001b[0m             \u001b[1m\u001b[91m^^^^^^^^^^^^^^^^^^\u001b[0m \u001b[1m\u001b[91mhelp: a struct with a similar name exists: `OriginAcquisitionProfile`\u001b[0m\n    \u001b[1m\u001b[96m|\u001b[0m\n   \u001b[1m\u001b[96m::: \u001b[0msrc\\content\\repository.rs:38:1\n    \u001b[1m\u001b[96m|\u001b[0m\n \u001b[1m\u001b[96m38\u001b[0m \u001b[1m\u001b[96m|\u001b[0m pub struct OriginAcquisitionProfile {\n    \u001b[1m\u001b[96m|\u001b[0m \u001b[1m\u001b[96m-----------------------------------\u001b[0m \u001b[1m\u001b[96msimilarly named struct `OriginAcquisitionProfile` defined here\u001b[0m\n\n"}
{"$message_type":"diagnostic","message":"aborting due to 2 previous errors","code":null,"level":"error","spans":[],"children":[],"rendered":"\u001b[1m\u001b[91merror\u001b[0m\u001b[1m\u001b[97m: aborting due to 2 previous errors\u001b[0m\n\n"}
{"$message_type":"diagnostic","message":"For more information about this error, try `rustc --explain E0422`.","code":null,"level":"failure-note","spans":[],"children":[],"rendered":"\u001b[1m\u001b[97mFor more information about this error, try `rustc --explain E0422`.\u001b[0m\n"}
